<?xml version="1.0" encoding="UTF-8"?>
<!-- Generated by org.testng.reporters.JUnitReportReporter -->
<testsuite hostname="DESKTOP-BNQECL0" failures="0" tests="1" name="autotests.tests.objectManipulation.DuckDeleteTest" time="0.677" errors="0" timestamp="2025-01-30T11:47:20 GMT+07:00" skipped="0">
  <testcase classname="autotests.tests.objectManipulation.DuckDeleteTest" name="successfulDeleteDuck" time="0.677"/>
  <system-out/>
</testsuite> <!-- autotests.tests.objectManipulation.DuckDeleteTest -->
