<?xml version="1.0" encoding="UTF-8"?>
<!-- Generated by org.testng.reporters.JUnitReportReporter -->
<testsuite hostname="DESKTOP-BNQECL0" failures="0" tests="2" name="autotests.tests.objectManipulation.DuckCreateTest" time="1.322" errors="0" timestamp="2025-01-30T11:47:20 GMT+07:00" skipped="0">
  <testcase classname="autotests.tests.objectManipulation.DuckCreateTest" name="successfulCreateDuckWithMaterialRubber" time="1.020"/>
  <system-out/>
  <testcase classname="autotests.tests.objectManipulation.DuckCreateTest" name="successfulCreateDuckWithMaterialWood" time="0.302"/>
  <system-out/>
</testsuite> <!-- autotests.tests.objectManipulation.DuckCreateTest -->
