<?xml version="1.0" encoding="UTF-8"?>
<!-- Generated by org.testng.reporters.JUnitReportReporter -->
<testsuite hostname="DESKTOP-BNQECL0" failures="0" tests="2" name="autotests.tests.objectManipulation.DuckUpdateTest" time="0.584" errors="0" timestamp="2025-01-30T11:47:20 GMT+07:00" skipped="0">
  <testcase classname="autotests.tests.objectManipulation.DuckUpdateTest" name="successfulUpdateDuckWithColorAndHeight" time="0.306"/>
  <system-out/>
  <testcase classname="autotests.tests.objectManipulation.DuckUpdateTest" name="successfulUpdateDuckWithColorAndSound" time="0.278"/>
  <system-out/>
</testsuite> <!-- autotests.tests.objectManipulation.DuckUpdateTest -->
